<?xml version="1.0" encoding="UTF-8"?>
<testsuite name="mk.finki.ukim.SILab2Test" tests="1" skipped="0" failures="0" errors="0" timestamp="2023-05-21T19:42:12" hostname="DESKTOP-9QFUBQ8" time="0.023">
  <properties/>
  <testcase name="multipleConditionsTest()" classname="mk.finki.ukim.SILab2Test" time="0.023"/>
  <system-out><![CDATA[]]></system-out>
  <system-err><![CDATA[]]></system-err>
</testsuite>
